[debug] [2022-06-09T17:20:29.870Z] ----------------------------------------------------------------------
[debug] [2022-06-09T17:20:29.872Z] Command:       /usr/local/bin/node /usr/local/bin/firebase init
[debug] [2022-06-09T17:20:29.873Z] CLI Version:   11.0.1
[debug] [2022-06-09T17:20:29.873Z] Platform:      darwin
[debug] [2022-06-09T17:20:29.873Z] Node Version:  v16.15.1
[debug] [2022-06-09T17:20:29.875Z] Time:          Thu Jun 09 2022 13:20:29 GMT-0400 (Eastern Daylight Time)
[debug] [2022-06-09T17:20:29.875Z] ----------------------------------------------------------------------
[debug] 
[debug] [2022-06-09T17:20:29.882Z] > command requires scopes: ["email","openid","https://www.googleapis.com/auth/cloudplatformprojects.readonly","https://www.googleapis.com/auth/firebase","https://www.googleapis.com/auth/cloud-platform"]
[debug] [2022-06-09T17:20:29.882Z] > authorizing via signed-in user (devinsdevs@gmail.com)
[info] 
     ######## #### ########  ######## ########     ###     ######  ########
     ##        ##  ##     ## ##       ##     ##  ##   ##  ##       ##
     ######    ##  ########  ######   ########  #########  ######  ######
     ##        ##  ##    ##  ##       ##     ## ##     ##       ## ##
     ##       #### ##     ## ######## ########  ##     ##  ######  ########

You're about to initialize a Firebase project in this directory:

  /Users/devincarr/business/updroneweb

[info] 
=== Project Setup
[info] 
[info] First, let's associate this project directory with a Firebase project.
[info] You can create multiple project aliases by running firebase use --add, 
[info] but for now we'll just set up a default project.
[info] 
[info] i  If you want to create a project in a Google Cloud organization or folder, please use "firebase projects:create" instead, and return to this command when you've created the project. 
